-> GET /sso/Login?forwardTo=22&RL=1&ip2loc=US
<- 200 GET /sso/Login?forwardTo=22&RL=1&ip2loc=US
-> GET /sso/Templates/otp-responsive.ltr.css
-> GET /scripts/common/js/jquery-3.4.1/jquery.min.js
-> GET /scripts/common/js/jquery-ui-1.12.1/jquery-ui.min.js
-> GET /scripts/common/js/bootstrap-4.3.1/bootstrap.bundle.min.js
-> GET /scripts/common/js/bootstrap-switch-3.3.2/bootstrap-switch.min.js
-> GET /scripts/common/js/switchery/switchery.min.js
<- 200 GET /sso/Templates/otp-responsive.ltr.css
-> GET /scripts/common/js/switchery/switchery-init.js
<- 200 GET /scripts/common/js/jquery-3.4.1/jquery.min.js
<- 200 GET /scripts/common/js/switchery/switchery.min.js
<- 200 GET /scripts/common/js/bootstrap-switch-3.3.2/bootstrap-switch.min.js
<- 200 GET /scripts/common/js/bootstrap-4.3.1/bootstrap.bundle.min.js
<- 200 GET /scripts/common/js/jquery-ui-1.12.1/jquery-ui.min.js
-> GET /scripts/common/js/icheck-1.0.2/icheck.min.js
-> GET /scripts/common/js/icheck-1.0.2/icheck-init.js
-> GET /sso/CombineFiles
<- 200 GET /scripts/common/js/switchery/switchery-init.js
<- 200 GET /scripts/common/js/icheck-1.0.2/icheck-init.js
<- 200 GET /scripts/common/js/icheck-1.0.2/icheck.min.js
<- 200 GET /sso/CombineFiles
-> GET /sso/images/2fa-animated-once.gif
-> GET /images/2015/btn-app-tws.png
-> GET /images/2015/button_discover_apis.png
-> GET /images/2015/btn-app-apple.png
-> GET /images/2015/btn-app-google.png
<- 200 GET /images/2015/btn-app-tws.png
<- 200 GET /images/2015/button_discover_apis.png
<- 200 GET /images/2015/btn-app-google.png
<- 200 GET /images/2015/btn-app-apple.png
<- 200 GET /sso/images/2fa-animated-once.gif
-> GET /images/web/favicons/home-screen-icon-192x192.png
-> GET /images/web/favicons/home-screen-icon-128x128.png
<- 200 GET /images/web/favicons/home-screen-icon-192x192.png
<- 200 GET /images/web/favicons/home-screen-icon-128x128.png
-> POST /sso/Authenticator;jsessionid=8292F99B142204FFBAE2D5307260AD2D.ny5wwwdam1-internet?56396
<- 200 POST /sso/Authenticator;jsessionid=8292F99B142204FFBAE2D5307260AD2D.ny5wwwdam1-internet?56396
-> POST /sso/Authenticator;jsessionid=8292F99B142204FFBAE2D5307260AD2D.ny5wwwdam1-internet?68973
<- 200 POST /sso/Authenticator;jsessionid=8292F99B142204FFBAE2D5307260AD2D.ny5wwwdam1-internet?68973
-> POST /sso/Authenticator;jsessionid=8292F99B142204FFBAE2D5307260AD2D.ny5wwwdam1-internet?20047
<- 200 POST /sso/Authenticator;jsessionid=8292F99B142204FFBAE2D5307260AD2D.ny5wwwdam1-internet?20047
-> GET /sso/images/2fa-animated-once.gif?q=0.889140725969341
-> POST /sso/Authenticator;jsessionid=8292F99B142204FFBAE2D5307260AD2D.ny5wwwdam1-internet?26453
<- 200 GET /sso/images/2fa-animated-once.gif?q=0.889140725969341
<- 200 POST /sso/Authenticator;jsessionid=8292F99B142204FFBAE2D5307260AD2D.ny5wwwdam1-internet?26453
-> POST /sso/Authenticator;jsessionid=8292F99B142204FFBAE2D5307260AD2D.ny5wwwdam1-internet?39326
<- 200 POST /sso/Authenticator;jsessionid=8292F99B142204FFBAE2D5307260AD2D.ny5wwwdam1-internet?39326
-> POST /sso/Authenticator;jsessionid=8292F99B142204FFBAE2D5307260AD2D.ny5wwwdam1-internet?52274
<- 200 POST /sso/Authenticator;jsessionid=8292F99B142204FFBAE2D5307260AD2D.ny5wwwdam1-internet?52274
-> POST /sso/Dispatcher;jsessionid=8292F99B142204FFBAE2D5307260AD2D.ny5wwwdam1-internet
<- 302 POST /sso/Dispatcher;jsessionid=8292F99B142204FFBAE2D5307260AD2D.ny5wwwdam1-internet
-> request: /v1/api/sso/validate?gw=1
-> request: /AccountManagement/OneBarAuthentication?json=1
-> GET /AccountManagement/OneBarAuthentication?json=1,404|84ms
-> GET /v1/api/sso/validate?gw=1,200|202ms
-> request: /v1/api/one/user
-> request: /sso/AuthenticateSSODH?ACTION=INIT
-> sso GET https://api.ibkr.com/sso/AuthenticateSSODH?ACTION=INIT
-> request: /sso/AuthenticateSSODH?ACTION=COMPLETE&B=39786b1d3d45ed20ee49fee0b3106925fcb6340662397c9ad55445ae7594bc8d67f6cbd4f8a9b317e38d4616d29708a52ccf8ea75313307eab58377b5982b575&CHRESPONSE=4bd1d027d79a257949345cba85e67aef043b23e1
-> sso GET https://api.ibkr.com/sso/AuthenticateSSODH?ACTION=COMPLETE&B=39786b1d3d45ed20ee49fee0b3106925fcb6340662397c9ad55445ae7594bc8d67f6cbd4f8a9b317e38d4616d29708a52ccf8ea75313307eab58377b5982b575&CHRESPONSE=4bd1d027d79a257949345cba85e67aef043b23e1
-> request: /v1/api/iserver/auth/status
-> GET /v1/api/one/user,200|3717ms
-> GET /v1/api/iserver/auth/status,200|49ms
-> request: /v1/api/iserver/auth/ssodh/init
-> POST https://api.ibkr.com/v1/api/iserver/auth/ssodh/init,200|330ms
-> request: /v1/api/iserver/auth/ssodh/response
-> POST https://api.ibkr.com/v1/api/iserver/auth/ssodh/response,200|135ms
-> request: /v1/api/iserver/accounts
-> GET /v1/api/iserver/accounts,200|46ms
-> POST /v1/api/tickle
<- 200 POST /v1/api/tickle
-> GET /v1/api/portfolio/accounts
<- 200 GET /v1/api/portfolio/accounts
-> GET /v1/api/portfolio/U10431036/allocation
<- 200 GET /v1/api/portfolio/U10431036/allocation
-> POST /v1/api/iserver/secdef/search
<- 200 POST /v1/api/iserver/secdef/search
-> request: /v1/api/tickle
-> GET /v1/api/tickle,200|51ms
